[2020-03-04 11:43:20 : INFO] - Re_Smush_It_Task with attachment ID : 489, autocreated on : March 04, 2020 11:43:20 
[2020-03-04 11:49:13 : INFO] - 
 
[2020-03-04 11:49:13 : INFO] - Header for logs at time:  Wed, 04 Mar 2020 11:49:13 +0000 on http://localhost/mhh 
[2020-03-04 11:49:13 : INFO] - WP: 5.3.2 
[2020-03-04 11:49:13 : INFO] - PHP: 7.3.12 (apache2handler, Windows NT LAPTOP-6JTHG8HB 10.0 build 17763 (Windows 10) AMD64) 
[2020-03-04 11:49:13 : INFO] - MySQL: 5.7.26 
[2020-03-04 11:49:13 : INFO] - WPLANG: en_US 
[2020-03-04 11:49:13 : INFO] - Server: Apache/2.4.39 (Win64) PHP/7.3.12 
[2020-03-04 11:49:13 : INFO] - Outbound connections: N 
[2020-03-04 11:49:13 : INFO] - safe_mode: 0 
[2020-03-04 11:49:13 : INFO] - max_execution_time: 300 
[2020-03-04 11:49:13 : INFO] - memory_limit: 1G (used: 4.8M | 2M) 
[2020-03-04 11:49:13 : INFO] - multisite: N 
[2020-03-04 11:49:13 : INFO] - openssl: OpenSSL 1.1.1d  10 Sep 2019 
[2020-03-04 11:49:13 : INFO] - A total of 1 tasks of type smush found and will be processed in this iteration 
[2020-03-04 11:49:13 : INFO] - Set semaphore last lock (smush) time to 2020-03-04 11:49:13 
[2020-03-04 11:49:13 : INFO] - Semaphore lock (smush) complete 
[2020-03-04 11:49:13 : INFO] - Processing task with ID : 11, and type 'smush' 
[2020-03-04 11:49:13 : INFO] - Re_Smush_It_Task with attachment ID : 489, autocreated on : March 04, 2020 11:43:20 
[2020-03-04 11:49:13 : INFO] - 95 
[2020-03-04 11:49:17 : INFO] - Backing up the original image - 2020/03/hcg-injections-updraft-pre-smush-original.jpg 
[2020-03-04 11:49:17 : INFO] - Re_Smush_It_Task with attachment ID : 489, autocreated on : March 04, 2020 11:43:20 
[2020-03-04 11:49:17 : INFO] - 95 
[2020-03-04 11:49:18 : INFO] - Re_Smush_It_Task with attachment ID : 489, autocreated on : March 04, 2020 11:43:20 
[2020-03-04 11:49:18 : INFO] - 95 
[2020-03-04 11:49:18 : INFO] - Successfully optimized the image - C:\wamp64\www\mhh/wp-content/uploads/2020/03/hcg-injections.jpg.The file was compressed from 140.02 KB to 62.38 KB saving 55.45 percent using WP-Optimize 
[2020-03-04 11:49:18 : INFO] - Completed processing task with ID : 11, and type 'smush' 
[2020-03-04 11:49:18 : INFO] - Decremented the semaphore (smush) by 1 
[2020-03-04 11:49:18 : INFO] - Semaphore (smush) unlocked 
[2020-03-04 11:49:18 : INFO] - Successfully processed the queue (smush). 1 tasks were processed out of 1. 
[2020-03-04 11:49:18 : INFO] - Semaphore (smush, wp_options) was successfully cleaned up 
[2020-03-04 11:49:18 : INFO] - Cleaning up tasks of type (smush). A total of 1 tasks will be deleted. 
[2020-03-04 11:59:27 : INFO] - 
 
[2020-03-04 11:59:27 : INFO] - Header for logs at time:  Wed, 04 Mar 2020 11:59:27 +0000 on http://localhost/mhh 
[2020-03-04 11:59:27 : INFO] - WP: 5.3.2 
[2020-03-04 11:59:27 : INFO] - PHP: 7.3.12 (apache2handler, Windows NT LAPTOP-6JTHG8HB 10.0 build 17763 (Windows 10) AMD64) 
[2020-03-04 11:59:27 : INFO] - MySQL: 5.7.26 
[2020-03-04 11:59:27 : INFO] - WPLANG: en_US 
[2020-03-04 11:59:27 : INFO] - Server: Apache/2.4.39 (Win64) PHP/7.3.12 
[2020-03-04 11:59:27 : INFO] - Outbound connections: N 
[2020-03-04 11:59:27 : INFO] - safe_mode: 0 
[2020-03-04 11:59:27 : INFO] - max_execution_time: 300 
[2020-03-04 11:59:27 : INFO] - memory_limit: 1G (used: 4.8M | 2M) 
[2020-03-04 11:59:27 : INFO] - multisite: N 
[2020-03-04 11:59:27 : INFO] - openssl: OpenSSL 1.1.1d  10 Sep 2019 
[2020-03-04 11:59:27 : INFO] - The queue for tasks of type "smush" is empty. Aborting! 
[2020-03-04 12:13:57 : INFO] - Re_Smush_It_Task with attachment ID : 504, autocreated on : March 04, 2020 12:13:57 
[2020-03-04 12:18:59 : INFO] - 
 
[2020-03-04 12:18:59 : INFO] - Header for logs at time:  Wed, 04 Mar 2020 12:18:59 +0000 on http://localhost/mhh 
[2020-03-04 12:18:59 : INFO] - WP: 5.3.2 
[2020-03-04 12:18:59 : INFO] - PHP: 7.3.12 (apache2handler, Windows NT LAPTOP-6JTHG8HB 10.0 build 17763 (Windows 10) AMD64) 
[2020-03-04 12:18:59 : INFO] - MySQL: 5.7.26 
[2020-03-04 12:18:59 : INFO] - WPLANG: en_US 
[2020-03-04 12:18:59 : INFO] - Server: Apache/2.4.39 (Win64) PHP/7.3.12 
[2020-03-04 12:18:59 : INFO] - Outbound connections: N 
[2020-03-04 12:18:59 : INFO] - safe_mode: 0 
[2020-03-04 12:18:59 : INFO] - max_execution_time: 300 
[2020-03-04 12:18:59 : INFO] - memory_limit: 1G (used: 4.8M | 2M) 
[2020-03-04 12:18:59 : INFO] - multisite: N 
[2020-03-04 12:18:59 : INFO] - openssl: OpenSSL 1.1.1d  10 Sep 2019 
[2020-03-04 12:18:59 : INFO] - A total of 1 tasks of type smush found and will be processed in this iteration 
[2020-03-04 12:18:59 : INFO] - Set semaphore last lock (smush) time to 2020-03-04 12:18:59 
[2020-03-04 12:18:59 : INFO] - Semaphore lock (smush) complete 
[2020-03-04 12:18:59 : INFO] - Processing task with ID : 12, and type 'smush' 
[2020-03-04 12:18:59 : INFO] - Re_Smush_It_Task with attachment ID : 504, autocreated on : March 04, 2020 12:13:57 
[2020-03-04 12:18:59 : INFO] - 95 
[2020-03-04 12:19:04 : INFO] - Backing up the original image - 2020/03/testosterone-levels-by-age-updraft-pre-smush-original.jpg 
[2020-03-04 12:19:04 : INFO] - Re_Smush_It_Task with attachment ID : 504, autocreated on : March 04, 2020 12:13:57 
[2020-03-04 12:19:04 : INFO] - 95 
[2020-03-04 12:19:05 : INFO] - Re_Smush_It_Task with attachment ID : 504, autocreated on : March 04, 2020 12:13:57 
[2020-03-04 12:19:05 : INFO] - 95 
[2020-03-04 13:10:01 : INFO] - Task with ID 12 and type (smush) failed with error code invalid_response - The compression apparently succeeded, but WP-Optimize could not retrieve the compressed image from the remote server. 
[2020-03-04 13:10:01 : INFO] - data: {"src":"http:\/\/par3.static.resmush.it\/76cdf4819b61d38588bde6a01958aebd\/_src_testosterone-levels-by-age-150x150.jpg","dest":"http:\/\/par3.static.resmush.it\/76cdf4819b61d38588bde6a01958aebd\/testosterone-levels-by-age-150x150.jpg","src_size":4768,"dest_size":4768,"percent":0,"output":"json","expires":"Wed, 04 Mar 2020 13:34:05 +0100","generator":"reSmush.it rev.2.0.4.20190519"} 
[2020-03-04 13:10:01 : INFO] - Successfully optimized the image - C:\wamp64\www\mhh/wp-content/uploads/2020/03/testosterone-levels-by-age.jpg.The file was compressed from 24.14 KB to 24.14 KB saving 0 percent using WP-Optimize 
[2020-03-04 13:10:01 : INFO] - Completed processing task with ID : 12, and type 'smush' 
[2020-03-04 13:10:01 : INFO] - Set semaphore last lock (smush) time to 2020-03-04 13:10:01 
[2020-03-04 13:10:01 : INFO] - Decremented the semaphore (smush) by 1 
[2020-03-04 13:10:01 : INFO] - Semaphore (smush) unlocked 
[2020-03-04 13:10:01 : INFO] - Successfully processed the queue (smush). 1 tasks were processed out of 1. 
[2020-03-04 13:10:01 : INFO] - Semaphore (smush, wp_options) was successfully cleaned up 
[2020-03-04 13:10:01 : INFO] - Cleaning up tasks of type (smush). A total of 1 tasks will be deleted. 
[2020-03-04 22:53:20 : INFO] - 
 
[2020-03-04 22:53:20 : INFO] - Header for logs at time:  Wed, 04 Mar 2020 22:53:20 +0000 on http://localhost/mhh 
[2020-03-04 22:53:20 : INFO] - WP: 5.3.2 
[2020-03-04 22:53:20 : INFO] - PHP: 7.3.12 (apache2handler, Windows NT LAPTOP-6JTHG8HB 10.0 build 17763 (Windows 10) AMD64) 
[2020-03-04 22:53:20 : INFO] - MySQL: 5.7.26 
[2020-03-04 22:53:20 : INFO] - WPLANG: en_US 
[2020-03-04 22:53:20 : INFO] - Server: Apache/2.4.39 (Win64) PHP/7.3.12 
[2020-03-04 22:53:20 : INFO] - Outbound connections: N 
[2020-03-04 22:53:20 : INFO] - safe_mode: 0 
[2020-03-04 22:53:20 : INFO] - max_execution_time: 300 
[2020-03-04 22:53:20 : INFO] - memory_limit: 1G (used: 5.2M | 2M) 
[2020-03-04 22:53:20 : INFO] - multisite: N 
[2020-03-04 22:53:20 : INFO] - openssl: OpenSSL 1.1.1d  10 Sep 2019 
[2020-03-04 22:53:20 : INFO] - The queue for tasks of type "smush" is empty. Aborting! 
[2020-03-05 01:20:10 : INFO] - Re_Smush_It_Task with attachment ID : 511, autocreated on : March 05, 2020 01:20:10 
[2020-03-05 01:25:19 : INFO] - 
 
[2020-03-05 01:25:19 : INFO] - Header for logs at time:  Thu, 05 Mar 2020 01:25:19 +0000 on http://localhost/mhh 
[2020-03-05 01:25:19 : INFO] - WP: 5.3.2 
[2020-03-05 01:25:19 : INFO] - PHP: 7.3.12 (apache2handler, Windows NT LAPTOP-6JTHG8HB 10.0 build 17763 (Windows 10) AMD64) 
[2020-03-05 01:25:19 : INFO] - MySQL: 5.7.26 
[2020-03-05 01:25:19 : INFO] - WPLANG: en_US 
[2020-03-05 01:25:19 : INFO] - Server: Apache/2.4.39 (Win64) PHP/7.3.12 
[2020-03-05 01:25:19 : INFO] - Outbound connections: N 
[2020-03-05 01:25:19 : INFO] - safe_mode: 0 
[2020-03-05 01:25:19 : INFO] - max_execution_time: 300 
[2020-03-05 01:25:19 : INFO] - memory_limit: 1G (used: 4.8M | 2M) 
[2020-03-05 01:25:19 : INFO] - multisite: N 
[2020-03-05 01:25:19 : INFO] - openssl: OpenSSL 1.1.1d  10 Sep 2019 
[2020-03-05 01:25:19 : INFO] - A total of 1 tasks of type smush found and will be processed in this iteration 
[2020-03-05 01:25:19 : INFO] - Set semaphore last lock (smush) time to 2020-03-05 01:25:19 
[2020-03-05 01:25:19 : INFO] - Semaphore lock (smush) complete 
[2020-03-05 01:25:19 : INFO] - Processing task with ID : 13, and type 'smush' 
[2020-03-05 01:25:19 : INFO] - Re_Smush_It_Task with attachment ID : 511, autocreated on : March 05, 2020 01:20:10 
[2020-03-05 01:25:19 : INFO] - 95 
[2020-03-05 01:25:20 : INFO] - Backing up the original image - 2020/03/ben-johnson-updraft-pre-smush-original.jpg 
[2020-03-05 01:25:20 : INFO] - Re_Smush_It_Task with attachment ID : 511, autocreated on : March 05, 2020 01:20:10 
[2020-03-05 01:25:20 : INFO] - 95 
[2020-03-05 01:25:21 : INFO] - Successfully optimized the image - C:\wamp64\www\mhh/wp-content/uploads/2020/03/ben-johnson.jpg.The file was compressed from 21.82 KB to 21.82 KB saving 0 percent using WP-Optimize 
[2020-03-05 01:25:21 : INFO] - Completed processing task with ID : 13, and type 'smush' 
[2020-03-05 01:25:21 : INFO] - Decremented the semaphore (smush) by 1 
[2020-03-05 01:25:21 : INFO] - Semaphore (smush) unlocked 
[2020-03-05 01:25:21 : INFO] - Successfully processed the queue (smush). 1 tasks were processed out of 1. 
[2020-03-05 01:25:21 : INFO] - Semaphore (smush, wp_options) was successfully cleaned up 
[2020-03-05 01:25:21 : INFO] - Cleaning up tasks of type (smush). A total of 1 tasks will be deleted. 
[2020-03-05 01:36:10 : INFO] - 
 
[2020-03-05 01:36:10 : INFO] - Header for logs at time:  Thu, 05 Mar 2020 01:36:10 +0000 on http://localhost/mhh 
[2020-03-05 01:36:10 : INFO] - WP: 5.3.2 
[2020-03-05 01:36:10 : INFO] - PHP: 7.3.12 (apache2handler, Windows NT LAPTOP-6JTHG8HB 10.0 build 17763 (Windows 10) AMD64) 
[2020-03-05 01:36:10 : INFO] - MySQL: 5.7.26 
[2020-03-05 01:36:10 : INFO] - WPLANG: en_US 
[2020-03-05 01:36:10 : INFO] - Server: Apache/2.4.39 (Win64) PHP/7.3.12 
[2020-03-05 01:36:10 : INFO] - Outbound connections: N 
[2020-03-05 01:36:10 : INFO] - safe_mode: 0 
[2020-03-05 01:36:10 : INFO] - max_execution_time: 300 
[2020-03-05 01:36:10 : INFO] - memory_limit: 1G (used: 4.8M | 2M) 
[2020-03-05 01:36:10 : INFO] - multisite: N 
[2020-03-05 01:36:10 : INFO] - openssl: OpenSSL 1.1.1d  10 Sep 2019 
[2020-03-05 01:36:10 : INFO] - The queue for tasks of type "smush" is empty. Aborting! 
[2020-03-14 19:27:29 : INFO] - Re_Smush_It_Task with attachment ID : 559, autocreated on : March 14, 2020 07:27:29 
[2020-03-14 19:28:52 : INFO] - Re_Smush_It_Task with attachment ID : 560, autocreated on : March 14, 2020 07:28:52 
[2020-03-14 19:29:06 : INFO] - Re_Smush_It_Task with attachment ID : 561, autocreated on : March 14, 2020 07:29:06 
[2020-03-14 19:30:55 : INFO] - Re_Smush_It_Task with attachment ID : 563, autocreated on : March 14, 2020 07:30:55 
[2020-03-14 19:31:04 : INFO] - Re_Smush_It_Task with attachment ID : 564, autocreated on : March 14, 2020 07:31:04 
[2020-03-14 19:33:18 : INFO] - 
 
[2020-03-14 19:33:18 : INFO] - Header for logs at time:  Sat, 14 Mar 2020 19:33:18 +0000 on http://localhost/mhh 
[2020-03-14 19:33:18 : INFO] - WP: 5.3.2 
[2020-03-14 19:33:18 : INFO] - PHP: 7.3.12 (apache2handler, Windows NT LAPTOP-6JTHG8HB 10.0 build 17763 (Windows 10) AMD64) 
[2020-03-14 19:33:18 : INFO] - MySQL: 5.7.26 
[2020-03-14 19:33:18 : INFO] - WPLANG: en_US 
[2020-03-14 19:33:18 : INFO] - Server: Apache/2.4.39 (Win64) PHP/7.3.12 
[2020-03-14 19:33:18 : INFO] - Outbound connections: N 
[2020-03-14 19:33:18 : INFO] - safe_mode: 0 
[2020-03-14 19:33:18 : INFO] - max_execution_time: 300 
[2020-03-14 19:33:18 : INFO] - memory_limit: 1G (used: 5.1M | 2M) 
[2020-03-14 19:33:18 : INFO] - multisite: N 
[2020-03-14 19:33:18 : INFO] - openssl: OpenSSL 1.1.1d  10 Sep 2019 
[2020-03-14 19:33:18 : INFO] - A total of 5 tasks of type smush found and will be processed in this iteration 
[2020-03-14 19:33:18 : INFO] - Set semaphore last lock (smush) time to 2020-03-14 19:33:18 
[2020-03-14 19:33:18 : INFO] - Semaphore lock (smush) complete 
[2020-03-14 19:33:18 : INFO] - Processing task with ID : 14, and type 'smush' 
[2020-03-14 19:33:18 : INFO] - Re_Smush_It_Task with attachment ID : 559, autocreated on : March 14, 2020 07:27:29 
[2020-03-14 19:33:18 : INFO] - 95 
[2020-03-14 19:33:20 : INFO] - Backing up the original image - 2020/03/thigh-testosterone-injection-updraft-pre-smush-original.jpg 
[2020-03-14 19:33:20 : INFO] - Re_Smush_It_Task with attachment ID : 559, autocreated on : March 14, 2020 07:27:29 
[2020-03-14 19:33:20 : INFO] - 95 
[2020-03-14 19:33:21 : INFO] - Re_Smush_It_Task with attachment ID : 559, autocreated on : March 14, 2020 07:27:29 
[2020-03-14 19:33:21 : INFO] - 95 
[2020-03-14 19:33:22 : INFO] - Successfully optimized the image - C:\wamp64\www\mhh/wp-content/uploads/2020/03/thigh-testosterone-injection.jpg.The file was compressed from 17.92 KB to 17.92 KB saving 0 percent using WP-Optimize 
[2020-03-14 19:33:22 : INFO] - Completed processing task with ID : 14, and type 'smush' 
[2020-03-14 19:33:22 : INFO] - Processing task with ID : 15, and type 'smush' 
[2020-03-14 19:33:22 : INFO] - Re_Smush_It_Task with attachment ID : 560, autocreated on : March 14, 2020 07:28:52 
[2020-03-14 19:33:22 : INFO] - 95 
[2020-03-14 19:33:23 : INFO] - Backing up the original image - 2020/03/drawing-testosterone-injection-updraft-pre-smush-original.jpg 
[2020-03-14 19:33:23 : INFO] - Re_Smush_It_Task with attachment ID : 560, autocreated on : March 14, 2020 07:28:52 
[2020-03-14 19:33:23 : INFO] - 95 
[2020-03-14 19:33:24 : INFO] - Re_Smush_It_Task with attachment ID : 560, autocreated on : March 14, 2020 07:28:52 
[2020-03-14 19:33:24 : INFO] - 95 
[2020-03-14 19:33:25 : INFO] - Successfully optimized the image - C:\wamp64\www\mhh/wp-content/uploads/2020/03/drawing-testosterone-injection.jpg.The file was compressed from 30.39 KB to 30.39 KB saving 0 percent using WP-Optimize 
[2020-03-14 19:33:25 : INFO] - Completed processing task with ID : 15, and type 'smush' 
[2020-03-14 19:33:25 : INFO] - Processing task with ID : 16, and type 'smush' 
[2020-03-14 19:33:25 : INFO] - Re_Smush_It_Task with attachment ID : 561, autocreated on : March 14, 2020 07:29:06 
[2020-03-14 19:33:25 : INFO] - 95 
[2020-03-14 19:33:27 : INFO] - Backing up the original image - 2020/03/thigh-testosterone-injection-1-updraft-pre-smush-original.jpg 
[2020-03-14 19:33:27 : INFO] - Re_Smush_It_Task with attachment ID : 561, autocreated on : March 14, 2020 07:29:06 
[2020-03-14 19:33:27 : INFO] - 95 
[2020-03-14 19:33:28 : INFO] - Task with ID 16 and type (smush) failed with error code 402 - Cannot copy from uploaded file 
[2020-03-14 19:33:28 : INFO] - Re_Smush_It_Task with attachment ID : 561, autocreated on : March 14, 2020 07:29:06 
[2020-03-14 19:33:28 : INFO] - 95 
[2020-03-14 19:33:29 : INFO] - Successfully optimized the image - C:\wamp64\www\mhh/wp-content/uploads/2020/03/thigh-testosterone-injection-1.jpg.The file was compressed from 17.92 KB to 17.92 KB saving 0 percent using WP-Optimize 
[2020-03-14 19:33:29 : INFO] - Completed processing task with ID : 16, and type 'smush' 
[2020-03-14 19:33:29 : INFO] - Processing task with ID : 17, and type 'smush' 
[2020-03-14 19:33:29 : INFO] - Re_Smush_It_Task with attachment ID : 563, autocreated on : March 14, 2020 07:30:55 
[2020-03-14 19:33:29 : INFO] - 95 
[2020-03-14 19:33:29 : INFO] - Task with ID 17 and type (smush) failed with error code 402 - Cannot copy from uploaded file 
[2020-03-14 19:33:29 : INFO] - Re_Smush_It_Task with attachment ID : 563, autocreated on : March 14, 2020 07:30:55 
[2020-03-14 19:33:29 : INFO] - 95 
[2020-03-14 19:33:30 : INFO] - Task with ID 17 and type (smush) failed with error code 402 - Cannot copy from uploaded file 
[2020-03-14 19:33:30 : INFO] - Processing task with ID : 18, and type 'smush' 
[2020-03-14 19:33:30 : INFO] - Re_Smush_It_Task with attachment ID : 564, autocreated on : March 14, 2020 07:31:04 
[2020-03-14 19:33:30 : INFO] - 95 
[2020-03-14 19:33:30 : INFO] - Backing up the original image - 2020/03/testosterone-cypionate-updraft-pre-smush-original.jpg 
[2020-03-14 19:33:30 : INFO] - Re_Smush_It_Task with attachment ID : 564, autocreated on : March 14, 2020 07:31:04 
[2020-03-14 19:33:30 : INFO] - 95 
[2020-03-14 19:33:31 : INFO] - Successfully optimized the image - C:\wamp64\www\mhh/wp-content/uploads/2020/03/testosterone-cypionate.jpg.The file was compressed from 9.04 KB to 9.04 KB saving 0 percent using WP-Optimize 
[2020-03-14 19:33:31 : INFO] - Completed processing task with ID : 18, and type 'smush' 
[2020-03-14 19:33:31 : INFO] - Decremented the semaphore (smush) by 1 
[2020-03-14 19:33:31 : INFO] - Semaphore (smush) unlocked 
[2020-03-14 19:33:31 : INFO] - Successfully processed the queue (smush). 5 tasks were processed out of 5. 
[2020-03-14 19:33:31 : INFO] - Semaphore (smush, wp_options) was successfully cleaned up 
[2020-03-14 19:33:31 : INFO] - Cleaning up tasks of type (smush). A total of 5 tasks will be deleted. 
[2020-03-14 19:33:52 : INFO] - Re_Smush_It_Task with attachment ID : 565, autocreated on : March 14, 2020 07:33:52 
[2020-03-14 19:43:25 : INFO] - 
 
[2020-03-14 19:43:25 : INFO] - Header for logs at time:  Sat, 14 Mar 2020 19:43:25 +0000 on http://localhost/mhh 
[2020-03-14 19:43:25 : INFO] - WP: 5.3.2 
[2020-03-14 19:43:25 : INFO] - PHP: 7.3.12 (apache2handler, Windows NT LAPTOP-6JTHG8HB 10.0 build 17763 (Windows 10) AMD64) 
[2020-03-14 19:43:25 : INFO] - MySQL: 5.7.26 
[2020-03-14 19:43:25 : INFO] - WPLANG: en_US 
[2020-03-14 19:43:25 : INFO] - Server: Apache/2.4.39 (Win64) PHP/7.3.12 
[2020-03-14 19:43:25 : INFO] - Outbound connections: N 
[2020-03-14 19:43:25 : INFO] - safe_mode: 0 
[2020-03-14 19:43:25 : INFO] - max_execution_time: 300 
[2020-03-14 19:43:25 : INFO] - memory_limit: 1G (used: 5.1M | 2M) 
[2020-03-14 19:43:25 : INFO] - multisite: N 
[2020-03-14 19:43:25 : INFO] - openssl: OpenSSL 1.1.1d  10 Sep 2019 
[2020-03-14 19:43:25 : INFO] - A total of 1 tasks of type smush found and will be processed in this iteration 
[2020-03-14 19:43:25 : INFO] - Set semaphore last lock (smush) time to 2020-03-14 19:43:25 
[2020-03-14 19:43:25 : INFO] - Semaphore lock (smush) complete 
[2020-03-14 19:43:25 : INFO] - Processing task with ID : 19, and type 'smush' 
[2020-03-14 19:43:25 : INFO] - Re_Smush_It_Task with attachment ID : 565, autocreated on : March 14, 2020 07:33:52 
[2020-03-14 19:43:25 : INFO] - 95 
[2020-03-14 19:43:26 : INFO] - Backing up the original image - 2020/03/testosterone-injection-insulin-syringe-updraft-pre-smush-original.jpg 
[2020-03-14 19:43:26 : INFO] - Re_Smush_It_Task with attachment ID : 565, autocreated on : March 14, 2020 07:33:52 
[2020-03-14 19:43:26 : INFO] - 95 
[2020-03-14 19:43:27 : INFO] - Re_Smush_It_Task with attachment ID : 565, autocreated on : March 14, 2020 07:33:52 
[2020-03-14 19:43:27 : INFO] - 95 
[2020-03-14 19:43:28 : INFO] - Task with ID 19 and type (smush) failed with error code 402 - Cannot copy from uploaded file 
[2020-03-14 19:43:28 : INFO] - Successfully optimized the image - C:\wamp64\www\mhh/wp-content/uploads/2020/03/testosterone-injection-insulin-syringe.jpg.The file was compressed from 27.63 KB to 27.63 KB saving 0 percent using WP-Optimize 
[2020-03-14 19:43:28 : INFO] - Completed processing task with ID : 19, and type 'smush' 
[2020-03-14 19:43:28 : INFO] - Decremented the semaphore (smush) by 1 
[2020-03-14 19:43:28 : INFO] - Semaphore (smush) unlocked 
[2020-03-14 19:43:28 : INFO] - Successfully processed the queue (smush). 1 tasks were processed out of 1. 
[2020-03-14 19:43:28 : INFO] - Semaphore (smush, wp_options) was successfully cleaned up 
[2020-03-14 19:43:28 : INFO] - Cleaning up tasks of type (smush). A total of 1 tasks will be deleted. 
[2020-03-14 19:47:53 : INFO] - Re_Smush_It_Task with attachment ID : 568, autocreated on : March 14, 2020 07:47:53 
[2020-03-14 19:49:02 : INFO] - Re_Smush_It_Task with attachment ID : 569, autocreated on : March 14, 2020 07:49:02 
[2020-03-14 19:51:36 : INFO] - Re_Smush_It_Task with attachment ID : 571, autocreated on : March 14, 2020 07:51:36 
[2020-03-14 19:52:29 : INFO] - Re_Smush_It_Task with attachment ID : 573, autocreated on : March 14, 2020 07:52:29 
[2020-03-14 19:53:28 : INFO] - 
 
[2020-03-14 19:53:28 : INFO] - Header for logs at time:  Sat, 14 Mar 2020 19:53:28 +0000 on http://localhost/mhh 
[2020-03-14 19:53:28 : INFO] - WP: 5.3.2 
[2020-03-14 19:53:28 : INFO] - PHP: 7.3.12 (apache2handler, Windows NT LAPTOP-6JTHG8HB 10.0 build 17763 (Windows 10) AMD64) 
[2020-03-14 19:53:28 : INFO] - MySQL: 5.7.26 
[2020-03-14 19:53:28 : INFO] - WPLANG: en_US 
[2020-03-14 19:53:28 : INFO] - Server: Apache/2.4.39 (Win64) PHP/7.3.12 
[2020-03-14 19:53:28 : INFO] - Outbound connections: N 
[2020-03-14 19:53:28 : INFO] - safe_mode: 0 
[2020-03-14 19:53:28 : INFO] - max_execution_time: 300 
[2020-03-14 19:53:28 : INFO] - memory_limit: 1G (used: 5.1M | 2M) 
[2020-03-14 19:53:28 : INFO] - multisite: N 
[2020-03-14 19:53:28 : INFO] - openssl: OpenSSL 1.1.1d  10 Sep 2019 
[2020-03-14 19:53:28 : INFO] - A total of 4 tasks of type smush found and will be processed in this iteration 
[2020-03-14 19:53:28 : INFO] - Set semaphore last lock (smush) time to 2020-03-14 19:53:28 
[2020-03-14 19:53:28 : INFO] - Semaphore lock (smush) complete 
[2020-03-14 19:53:28 : INFO] - Processing task with ID : 23, and type 'smush' 
[2020-03-14 19:53:28 : INFO] - Re_Smush_It_Task with attachment ID : 573, autocreated on : March 14, 2020 07:52:29 
[2020-03-14 19:53:28 : INFO] - 95 
[2020-03-14 19:53:29 : INFO] - Backing up the original image - 2020/03/arimidex-updraft-pre-smush-original.jpeg 
[2020-03-14 19:53:29 : INFO] - Re_Smush_It_Task with attachment ID : 573, autocreated on : March 14, 2020 07:52:29 
[2020-03-14 19:53:29 : INFO] - 95 
[2020-03-14 19:53:30 : INFO] - Successfully optimized the image - C:\wamp64\www\mhh/wp-content/uploads/2020/03/arimidex.jpeg.The file was compressed from 6.97 KB to 6.97 KB saving 0 percent using WP-Optimize 
[2020-03-14 19:53:30 : INFO] - Completed processing task with ID : 23, and type 'smush' 
[2020-03-14 19:53:30 : INFO] - Processing task with ID : 21, and type 'smush' 
[2020-03-14 19:53:30 : INFO] - Re_Smush_It_Task with attachment ID : 569, autocreated on : March 14, 2020 07:49:02 
[2020-03-14 19:53:30 : INFO] - 95 
[2020-03-14 19:53:31 : INFO] - Backing up the original image - 2020/03/low-testosterone-symptoms-in-men-2-updraft-pre-smush-original.jpg 
[2020-03-14 19:53:31 : INFO] - Re_Smush_It_Task with attachment ID : 569, autocreated on : March 14, 2020 07:49:02 
[2020-03-14 19:53:31 : INFO] - 95 
[2020-03-14 19:53:32 : INFO] - Re_Smush_It_Task with attachment ID : 569, autocreated on : March 14, 2020 07:49:02 
[2020-03-14 19:53:32 : INFO] - 95 
[2020-03-14 19:53:33 : INFO] - Successfully optimized the image - C:\wamp64\www\mhh/wp-content/uploads/2020/03/low-testosterone-symptoms-in-men-2.jpg.The file was compressed from 51.54 KB to 49.67 KB saving 3.65 percent using WP-Optimize 
[2020-03-14 19:53:33 : INFO] - Completed processing task with ID : 21, and type 'smush' 
[2020-03-14 19:53:33 : INFO] - Processing task with ID : 22, and type 'smush' 
[2020-03-14 19:53:33 : INFO] - Re_Smush_It_Task with attachment ID : 571, autocreated on : March 14, 2020 07:51:36 
[2020-03-14 19:53:33 : INFO] - 95 
[2020-03-14 19:53:34 : INFO] - Task with ID 22 and type (smush) failed with error code 402 - Cannot copy from uploaded file 
[2020-03-14 19:53:34 : INFO] - Re_Smush_It_Task with attachment ID : 571, autocreated on : March 14, 2020 07:51:36 
[2020-03-14 19:53:34 : INFO] - 95 
[2020-03-14 19:53:35 : INFO] - Re_Smush_It_Task with attachment ID : 571, autocreated on : March 14, 2020 07:51:36 
[2020-03-14 19:53:35 : INFO] - 95 
[2020-03-14 19:53:35 : INFO] - Task with ID 22 and type (smush) failed with error code 402 - Cannot copy from uploaded file 
[2020-03-14 19:53:35 : INFO] - Successfully optimized the image - C:\wamp64\www\mhh/wp-content/uploads/2020/03/testopel.jpg.The file was compressed from 9.11 KB to 9.11 KB saving 0 percent using WP-Optimize 
[2020-03-14 19:53:35 : INFO] - Completed processing task with ID : 22, and type 'smush' 
[2020-03-14 19:53:35 : INFO] - Processing task with ID : 20, and type 'smush' 
[2020-03-14 19:53:35 : INFO] - Re_Smush_It_Task with attachment ID : 568, autocreated on : March 14, 2020 07:47:53 
[2020-03-14 19:53:35 : INFO] - 95 
[2020-03-14 19:53:37 : INFO] - Backing up the original image - 2020/03/symptoms-of-low-testosterone-updraft-pre-smush-original.jpg 
[2020-03-14 19:53:37 : INFO] - Re_Smush_It_Task with attachment ID : 568, autocreated on : March 14, 2020 07:47:53 
[2020-03-14 19:53:37 : INFO] - 95 
[2020-03-14 19:53:38 : INFO] - Re_Smush_It_Task with attachment ID : 568, autocreated on : March 14, 2020 07:47:53 
[2020-03-14 19:53:38 : INFO] - 95 
[2020-03-14 19:53:39 : INFO] - Successfully optimized the image - C:\wamp64\www\mhh/wp-content/uploads/2020/03/symptoms-of-low-testosterone.jpg.The file was compressed from 37.53 KB to 31.88 KB saving 15.07 percent using WP-Optimize 
[2020-03-14 19:53:39 : INFO] - Completed processing task with ID : 20, and type 'smush' 
[2020-03-14 19:53:39 : INFO] - Decremented the semaphore (smush) by 1 
[2020-03-14 19:53:39 : INFO] - Semaphore (smush) unlocked 
[2020-03-14 19:53:39 : INFO] - Successfully processed the queue (smush). 4 tasks were processed out of 4. 
[2020-03-14 19:53:39 : INFO] - Semaphore (smush, wp_options) was successfully cleaned up 
[2020-03-14 19:53:39 : INFO] - Cleaning up tasks of type (smush). A total of 4 tasks will be deleted. 
[2020-03-14 19:54:49 : INFO] - Re_Smush_It_Task with attachment ID : 575, autocreated on : March 14, 2020 07:54:49 
[2020-03-14 19:56:37 : INFO] - Re_Smush_It_Task with attachment ID : 577, autocreated on : March 14, 2020 07:56:37 
[2020-03-14 19:57:27 : INFO] - Re_Smush_It_Task with attachment ID : 579, autocreated on : March 14, 2020 07:57:27 
[2020-03-14 19:58:55 : INFO] - Re_Smush_It_Task with attachment ID : 581, autocreated on : March 14, 2020 07:58:55 
[2020-03-14 19:59:50 : INFO] - Re_Smush_It_Task with attachment ID : 583, autocreated on : March 14, 2020 07:59:50 
[2020-03-14 20:00:48 : INFO] - Re_Smush_It_Task with attachment ID : 584, autocreated on : March 14, 2020 08:00:48 
[2020-03-14 20:03:42 : INFO] - 
 
[2020-03-14 20:03:42 : INFO] - Header for logs at time:  Sat, 14 Mar 2020 20:03:42 +0000 on http://localhost/mhh 
[2020-03-14 20:03:42 : INFO] - WP: 5.3.2 
[2020-03-14 20:03:42 : INFO] - PHP: 7.3.12 (apache2handler, Windows NT LAPTOP-6JTHG8HB 10.0 build 17763 (Windows 10) AMD64) 
[2020-03-14 20:03:42 : INFO] - MySQL: 5.7.26 
[2020-03-14 20:03:42 : INFO] - WPLANG: en_US 
[2020-03-14 20:03:42 : INFO] - Server: Apache/2.4.39 (Win64) PHP/7.3.12 
[2020-03-14 20:03:42 : INFO] - Outbound connections: N 
[2020-03-14 20:03:42 : INFO] - safe_mode: 0 
[2020-03-14 20:03:42 : INFO] - max_execution_time: 300 
[2020-03-14 20:03:42 : INFO] - memory_limit: 1G (used: 5.1M | 2M) 
[2020-03-14 20:03:42 : INFO] - multisite: N 
[2020-03-14 20:03:42 : INFO] - openssl: OpenSSL 1.1.1d  10 Sep 2019 
[2020-03-14 20:03:42 : INFO] - A total of 6 tasks of type smush found and will be processed in this iteration 
[2020-03-14 20:03:42 : INFO] - Set semaphore last lock (smush) time to 2020-03-14 20:03:42 
[2020-03-14 20:03:42 : INFO] - Semaphore lock (smush) complete 
[2020-03-14 20:03:42 : INFO] - Processing task with ID : 29, and type 'smush' 
[2020-03-14 20:03:42 : INFO] - Re_Smush_It_Task with attachment ID : 584, autocreated on : March 14, 2020 08:00:48 
[2020-03-14 20:03:42 : INFO] - 95 
[2020-03-14 20:03:45 : INFO] - Backing up the original image - 2020/03/gleason-scale3-updraft-pre-smush-original.jpg 
[2020-03-14 20:03:45 : INFO] - Re_Smush_It_Task with attachment ID : 584, autocreated on : March 14, 2020 08:00:48 
[2020-03-14 20:03:45 : INFO] - 95 
[2020-03-14 20:03:45 : INFO] - Successfully optimized the image - C:\wamp64\www\mhh/wp-content/uploads/2020/03/gleason-scale3.jpg.The file was compressed from 26.99 KB to 25.83 KB saving 4.33 percent using WP-Optimize 
[2020-03-14 20:03:45 : INFO] - Completed processing task with ID : 29, and type 'smush' 
[2020-03-14 20:03:45 : INFO] - Processing task with ID : 28, and type 'smush' 
[2020-03-14 20:03:45 : INFO] - Re_Smush_It_Task with attachment ID : 583, autocreated on : March 14, 2020 07:59:50 
[2020-03-14 20:03:45 : INFO] - 95 
[2020-03-14 20:03:46 : INFO] - Task with ID 28 and type (smush) failed with error code 402 - Cannot copy from uploaded file 
[2020-03-14 20:03:46 : INFO] - Re_Smush_It_Task with attachment ID : 583, autocreated on : March 14, 2020 07:59:50 
[2020-03-14 20:03:46 : INFO] - 95 
[2020-03-14 20:03:46 : INFO] - Task with ID 28 and type (smush) failed with error code 402 - Cannot copy from uploaded file 
[2020-03-14 20:03:47 : INFO] - Re_Smush_It_Task with attachment ID : 583, autocreated on : March 14, 2020 07:59:50 
[2020-03-14 20:03:47 : INFO] - 95 
[2020-03-14 20:03:47 : INFO] - Successfully optimized the image - C:\wamp64\www\mhh/wp-content/uploads/2020/03/gleason-scale-2.jpg.The file was compressed from 47.37 KB to 47.37 KB saving 0 percent using WP-Optimize 
[2020-03-14 20:03:47 : INFO] - Completed processing task with ID : 28, and type 'smush' 
[2020-03-14 20:03:47 : INFO] - Processing task with ID : 25, and type 'smush' 
[2020-03-14 20:03:47 : INFO] - Re_Smush_It_Task with attachment ID : 577, autocreated on : March 14, 2020 07:56:37 
[2020-03-14 20:03:47 : INFO] - 95 
[2020-03-14 20:03:48 : INFO] - Backing up the original image - 2020/03/prostate-cancer-treatment-updraft-pre-smush-original.jpg 
[2020-03-14 20:03:48 : INFO] - Re_Smush_It_Task with attachment ID : 577, autocreated on : March 14, 2020 07:56:37 
[2020-03-14 20:03:48 : INFO] - 95 
[2020-03-14 20:03:48 : INFO] - Task with ID 25 and type (smush) failed with error code 402 - Cannot copy from uploaded file 
[2020-03-14 20:03:49 : INFO] - Re_Smush_It_Task with attachment ID : 577, autocreated on : March 14, 2020 07:56:37 
[2020-03-14 20:03:49 : INFO] - 95 
[2020-03-14 20:03:50 : INFO] - Successfully optimized the image - C:\wamp64\www\mhh/wp-content/uploads/2020/03/prostate-cancer-treatment.jpg.The file was compressed from 34.58 KB to 31.02 KB saving 10.3 percent using WP-Optimize 
[2020-03-14 20:03:50 : INFO] - Completed processing task with ID : 25, and type 'smush' 
[2020-03-14 20:03:50 : INFO] - Processing task with ID : 27, and type 'smush' 
[2020-03-14 20:03:50 : INFO] - Re_Smush_It_Task with attachment ID : 581, autocreated on : March 14, 2020 07:58:55 
[2020-03-14 20:03:50 : INFO] - 95 
[2020-03-14 20:03:51 : INFO] - Backing up the original image - 2020/03/digital-prostate-exam-updraft-pre-smush-original.jpg 
[2020-03-14 20:03:51 : INFO] - Re_Smush_It_Task with attachment ID : 581, autocreated on : March 14, 2020 07:58:55 
[2020-03-14 20:03:51 : INFO] - 95 
[2020-03-14 20:03:51 : INFO] - Task with ID 27 and type (smush) failed with error code 402 - Cannot copy from uploaded file 
[2020-03-14 20:03:51 : INFO] - Re_Smush_It_Task with attachment ID : 581, autocreated on : March 14, 2020 07:58:55 
[2020-03-14 20:03:51 : INFO] - 95 
[2020-03-14 20:03:52 : INFO] - Task with ID 27 and type (smush) failed with error code 402 - Cannot copy from uploaded file 
[2020-03-14 20:03:52 : INFO] - Successfully optimized the image - C:\wamp64\www\mhh/wp-content/uploads/2020/03/digital-prostate-exam.jpg.The file was compressed from 27.66 KB to 27.66 KB saving 0 percent using WP-Optimize 
[2020-03-14 20:03:52 : INFO] - Completed processing task with ID : 27, and type 'smush' 
[2020-03-14 20:03:52 : INFO] - Processing task with ID : 26, and type 'smush' 
[2020-03-14 20:03:52 : INFO] - Re_Smush_It_Task with attachment ID : 579, autocreated on : March 14, 2020 07:57:27 
[2020-03-14 20:03:52 : INFO] - 95 
[2020-03-14 20:03:53 : INFO] - Backing up the original image - 2020/03/prostate-cancer-treatment-options-updraft-pre-smush-original.jpg 
[2020-03-14 20:03:53 : INFO] - Re_Smush_It_Task with attachment ID : 579, autocreated on : March 14, 2020 07:57:27 
[2020-03-14 20:03:53 : INFO] - 95 
[2020-03-14 20:03:54 : INFO] - Successfully optimized the image - C:\wamp64\www\mhh/wp-content/uploads/2020/03/prostate-cancer-treatment-options.jpg.The file was compressed from 8.49 KB to 8.49 KB saving 0 percent using WP-Optimize 
[2020-03-14 20:03:54 : INFO] - Completed processing task with ID : 26, and type 'smush' 
[2020-03-14 20:03:54 : INFO] - Processing task with ID : 24, and type 'smush' 
[2020-03-14 20:03:54 : INFO] - Re_Smush_It_Task with attachment ID : 575, autocreated on : March 14, 2020 07:54:49 
[2020-03-14 20:03:54 : INFO] - 95 
[2020-03-14 20:03:55 : INFO] - Backing up the original image - 2020/03/prostate-diagram-updraft-pre-smush-original.jpg 
[2020-03-14 20:03:55 : INFO] - Re_Smush_It_Task with attachment ID : 575, autocreated on : March 14, 2020 07:54:49 
[2020-03-14 20:03:55 : INFO] - 95 
[2020-03-14 20:03:57 : INFO] - Re_Smush_It_Task with attachment ID : 575, autocreated on : March 14, 2020 07:54:49 
[2020-03-14 20:03:57 : INFO] - 95 
[2020-03-14 20:03:58 : INFO] - Task with ID 24 and type (smush) failed with error code 402 - Cannot copy from uploaded file 
[2020-03-14 20:03:58 : INFO] - Successfully optimized the image - C:\wamp64\www\mhh/wp-content/uploads/2020/03/prostate-diagram.jpg.The file was compressed from 32.90 KB to 32.54 KB saving 1.09 percent using WP-Optimize 
[2020-03-14 20:03:58 : INFO] - Completed processing task with ID : 24, and type 'smush' 
[2020-03-14 20:03:58 : INFO] - Decremented the semaphore (smush) by 1 
[2020-03-14 20:03:58 : INFO] - Semaphore (smush) unlocked 
[2020-03-14 20:03:58 : INFO] - Successfully processed the queue (smush). 6 tasks were processed out of 6. 
[2020-03-14 20:03:58 : INFO] - Semaphore (smush, wp_options) was successfully cleaned up 
[2020-03-14 20:03:58 : INFO] - Cleaning up tasks of type (smush). A total of 6 tasks will be deleted. 
[2020-03-14 20:05:11 : INFO] - Re_Smush_It_Task with attachment ID : 586, autocreated on : March 14, 2020 08:05:11 
[2020-03-14 20:05:53 : INFO] - Re_Smush_It_Task with attachment ID : 587, autocreated on : March 14, 2020 08:05:53 
[2020-03-14 20:06:36 : INFO] - Re_Smush_It_Task with attachment ID : 588, autocreated on : March 14, 2020 08:06:36 
[2020-03-14 20:07:14 : INFO] - Re_Smush_It_Task with attachment ID : 589, autocreated on : March 14, 2020 08:07:14 
[2020-03-14 20:07:55 : INFO] - Re_Smush_It_Task with attachment ID : 590, autocreated on : March 14, 2020 08:07:55 
[2020-03-14 20:08:36 : INFO] - Re_Smush_It_Task with attachment ID : 591, autocreated on : March 14, 2020 08:08:36 
[2020-03-14 20:09:11 : INFO] - Re_Smush_It_Task with attachment ID : 592, autocreated on : March 14, 2020 08:09:11 
[2020-03-14 20:14:05 : INFO] - 
 
[2020-03-14 20:14:05 : INFO] - Header for logs at time:  Sat, 14 Mar 2020 20:14:05 +0000 on http://localhost/mhh 
[2020-03-14 20:14:05 : INFO] - WP: 5.3.2 
[2020-03-14 20:14:05 : INFO] - PHP: 7.3.12 (apache2handler, Windows NT LAPTOP-6JTHG8HB 10.0 build 17763 (Windows 10) AMD64) 
[2020-03-14 20:14:05 : INFO] - MySQL: 5.7.26 
[2020-03-14 20:14:05 : INFO] - WPLANG: en_US 
[2020-03-14 20:14:05 : INFO] - Server: Apache/2.4.39 (Win64) PHP/7.3.12 
[2020-03-14 20:14:05 : INFO] - Outbound connections: N 
[2020-03-14 20:14:05 : INFO] - safe_mode: 0 
[2020-03-14 20:14:05 : INFO] - max_execution_time: 300 
[2020-03-14 20:14:05 : INFO] - memory_limit: 1G (used: 5.1M | 2M) 
[2020-03-14 20:14:05 : INFO] - multisite: N 
[2020-03-14 20:14:05 : INFO] - openssl: OpenSSL 1.1.1d  10 Sep 2019 
[2020-03-14 20:14:05 : INFO] - A total of 7 tasks of type smush found and will be processed in this iteration 
[2020-03-14 20:14:05 : INFO] - Set semaphore last lock (smush) time to 2020-03-14 20:14:05 
[2020-03-14 20:14:05 : INFO] - Semaphore lock (smush) complete 
[2020-03-14 20:14:05 : INFO] - Processing task with ID : 35, and type 'smush' 
[2020-03-14 20:14:05 : INFO] - Re_Smush_It_Task with attachment ID : 591, autocreated on : March 14, 2020 08:08:36 
[2020-03-14 20:14:05 : INFO] - 95 
[2020-03-14 20:14:07 : INFO] - Backing up the original image - 2020/03/pictures-of-prostate-cancer-6-updraft-pre-smush-original.jpg 
[2020-03-14 20:14:07 : INFO] - Re_Smush_It_Task with attachment ID : 591, autocreated on : March 14, 2020 08:08:36 
[2020-03-14 20:14:07 : INFO] - 95 
[2020-03-14 20:14:09 : INFO] - Re_Smush_It_Task with attachment ID : 591, autocreated on : March 14, 2020 08:08:36 
[2020-03-14 20:14:09 : INFO] - 95 
[2020-03-14 20:14:09 : INFO] - Task with ID 35 and type (smush) failed with error code 402 - Cannot copy from uploaded file 
[2020-03-14 20:14:09 : INFO] - Successfully optimized the image - C:\wamp64\www\mhh/wp-content/uploads/2020/03/pictures-of-prostate-cancer-6.jpg.The file was compressed from 63.37 KB to 63.37 KB saving 0 percent using WP-Optimize 
[2020-03-14 20:14:09 : INFO] - Completed processing task with ID : 35, and type 'smush' 
[2020-03-14 20:14:09 : INFO] - Processing task with ID : 33, and type 'smush' 
[2020-03-14 20:14:09 : INFO] - Re_Smush_It_Task with attachment ID : 589, autocreated on : March 14, 2020 08:07:14 
[2020-03-14 20:14:09 : INFO] - 95 
[2020-03-14 20:14:10 : INFO] - Backing up the original image - 2020/03/pictures-of-prostate-cancer-4-updraft-pre-smush-original.jpg 
[2020-03-14 20:14:10 : INFO] - Re_Smush_It_Task with attachment ID : 589, autocreated on : March 14, 2020 08:07:14 
[2020-03-14 20:14:10 : INFO] - 95 
[2020-03-14 20:14:14 : INFO] - Re_Smush_It_Task with attachment ID : 589, autocreated on : March 14, 2020 08:07:14 
[2020-03-14 20:14:14 : INFO] - 95 
[2020-03-14 20:14:14 : INFO] - Successfully optimized the image - C:\wamp64\www\mhh/wp-content/uploads/2020/03/pictures-of-prostate-cancer-4.jpg.The file was compressed from 21.70 KB to 21.70 KB saving 0 percent using WP-Optimize 
[2020-03-14 20:14:14 : INFO] - Completed processing task with ID : 33, and type 'smush' 
[2020-03-14 20:14:14 : INFO] - Processing task with ID : 34, and type 'smush' 
[2020-03-14 20:14:14 : INFO] - Re_Smush_It_Task with attachment ID : 590, autocreated on : March 14, 2020 08:07:55 
[2020-03-14 20:14:14 : INFO] - 95 
[2020-03-14 20:14:16 : INFO] - Backing up the original image - 2020/03/pictures-of-prostate-cancer-5-updraft-pre-smush-original.jpg 
[2020-03-14 20:14:16 : INFO] - Re_Smush_It_Task with attachment ID : 590, autocreated on : March 14, 2020 08:07:55 
[2020-03-14 20:14:16 : INFO] - 95 
[2020-03-14 20:14:16 : INFO] - Re_Smush_It_Task with attachment ID : 590, autocreated on : March 14, 2020 08:07:55 
[2020-03-14 20:14:16 : INFO] - 95 
[2020-03-14 20:14:17 : INFO] - Successfully optimized the image - C:\wamp64\www\mhh/wp-content/uploads/2020/03/pictures-of-prostate-cancer-5.jpg.The file was compressed from 21.59 KB to 21.59 KB saving 0 percent using WP-Optimize 
[2020-03-14 20:14:17 : INFO] - Completed processing task with ID : 34, and type 'smush' 
[2020-03-14 20:14:17 : INFO] - Processing task with ID : 31, and type 'smush' 
[2020-03-14 20:14:17 : INFO] - Re_Smush_It_Task with attachment ID : 587, autocreated on : March 14, 2020 08:05:53 
[2020-03-14 20:14:17 : INFO] - 95 
[2020-03-14 20:14:18 : INFO] - Backing up the original image - 2020/03/pictures-of-prostate-cancer-2-updraft-pre-smush-original.jpg 
[2020-03-14 20:14:18 : INFO] - Re_Smush_It_Task with attachment ID : 587, autocreated on : March 14, 2020 08:05:53 
[2020-03-14 20:14:18 : INFO] - 95 
[2020-03-14 20:14:22 : INFO] - Re_Smush_It_Task with attachment ID : 587, autocreated on : March 14, 2020 08:05:53 
[2020-03-14 20:14:22 : INFO] - 95 
[2020-03-14 20:14:23 : INFO] - Successfully optimized the image - C:\wamp64\www\mhh/wp-content/uploads/2020/03/pictures-of-prostate-cancer-2.jpg.The file was compressed from 19.42 KB to 19.42 KB saving 0 percent using WP-Optimize 
[2020-03-14 20:14:23 : INFO] - Completed processing task with ID : 31, and type 'smush' 
[2020-03-14 20:14:23 : INFO] - Processing task with ID : 32, and type 'smush' 
[2020-03-14 20:14:23 : INFO] - Re_Smush_It_Task with attachment ID : 588, autocreated on : March 14, 2020 08:06:36 
[2020-03-14 20:14:23 : INFO] - 95 
[2020-03-14 20:14:24 : INFO] - Backing up the original image - 2020/03/pictures-of-prostate-cancer-3-updraft-pre-smush-original.jpg 
[2020-03-14 20:14:24 : INFO] - Re_Smush_It_Task with attachment ID : 588, autocreated on : March 14, 2020 08:06:36 
[2020-03-14 20:14:24 : INFO] - 95 
[2020-03-14 20:14:24 : INFO] - Re_Smush_It_Task with attachment ID : 594, autocreated on : March 14, 2020 08:14:24 
[2020-03-14 20:14:24 : INFO] - Re_Smush_It_Task with attachment ID : 588, autocreated on : March 14, 2020 08:06:36 
[2020-03-14 20:14:24 : INFO] - 95 
[2020-03-14 20:14:25 : INFO] - Successfully optimized the image - C:\wamp64\www\mhh/wp-content/uploads/2020/03/pictures-of-prostate-cancer-3.jpg.The file was compressed from 17.31 KB to 17.31 KB saving 0 percent using WP-Optimize 
[2020-03-14 20:14:25 : INFO] - Completed processing task with ID : 32, and type 'smush' 
[2020-03-14 20:14:25 : INFO] - Set semaphore last lock (smush) time to 2020-03-14 20:14:25 
[2020-03-14 20:14:25 : INFO] - Processing task with ID : 30, and type 'smush' 
[2020-03-14 20:14:25 : INFO] - Re_Smush_It_Task with attachment ID : 586, autocreated on : March 14, 2020 08:05:11 
[2020-03-14 20:14:25 : INFO] - 95 
[2020-03-14 20:14:25 : INFO] - Task with ID 30 and type (smush) failed with error code 402 - Cannot copy from uploaded file 
[2020-03-14 20:14:25 : INFO] - Re_Smush_It_Task with attachment ID : 586, autocreated on : March 14, 2020 08:05:11 
[2020-03-14 20:14:25 : INFO] - 95 
[2020-03-14 20:14:26 : INFO] - Task with ID 30 and type (smush) failed with error code 402 - Cannot copy from uploaded file 
[2020-03-14 20:14:26 : INFO] - Re_Smush_It_Task with attachment ID : 586, autocreated on : March 14, 2020 08:05:11 
[2020-03-14 20:14:26 : INFO] - 95 
[2020-03-14 20:14:26 : INFO] - Task with ID 30 and type (smush) failed with error code 402 - Cannot copy from uploaded file 
[2020-03-14 20:14:26 : INFO] - Processing task with ID : 36, and type 'smush' 
[2020-03-14 20:14:26 : INFO] - Re_Smush_It_Task with attachment ID : 592, autocreated on : March 14, 2020 08:09:11 
[2020-03-14 20:14:26 : INFO] - 95 
[2020-03-14 20:14:27 : INFO] - Backing up the original image - 2020/03/pictures-of-prostate-cancer-7-updraft-pre-smush-original.jpg 
[2020-03-14 20:14:27 : INFO] - Re_Smush_It_Task with attachment ID : 592, autocreated on : March 14, 2020 08:09:11 
[2020-03-14 20:14:27 : INFO] - 95 
[2020-03-14 20:14:28 : INFO] - Task with ID 36 and type (smush) failed with error code 402 - Cannot copy from uploaded file 
[2020-03-14 20:14:28 : INFO] - Re_Smush_It_Task with attachment ID : 592, autocreated on : March 14, 2020 08:09:11 
[2020-03-14 20:14:28 : INFO] - 95 
[2020-03-14 20:14:28 : INFO] - Successfully optimized the image - C:\wamp64\www\mhh/wp-content/uploads/2020/03/pictures-of-prostate-cancer-7.jpg.The file was compressed from 45.12 KB to 44.42 KB saving 1.54 percent using WP-Optimize 
[2020-03-14 20:14:28 : INFO] - Completed processing task with ID : 36, and type 'smush' 
[2020-03-14 20:14:28 : INFO] - Decremented the semaphore (smush) by 1 
[2020-03-14 20:14:28 : INFO] - Semaphore (smush) unlocked 
[2020-03-14 20:14:28 : INFO] - Successfully processed the queue (smush). 7 tasks were processed out of 7. 
[2020-03-14 20:14:29 : INFO] - Semaphore (smush, wp_options) was successfully cleaned up 
[2020-03-14 20:14:59 : INFO] - Re_Smush_It_Task with attachment ID : 595, autocreated on : March 14, 2020 08:14:59 
[2020-03-14 20:17:35 : INFO] - Re_Smush_It_Task with attachment ID : 597, autocreated on : March 14, 2020 08:17:35 
[2020-03-14 20:18:12 : INFO] - Re_Smush_It_Task with attachment ID : 598, autocreated on : March 14, 2020 08:18:12 
[2020-03-14 20:21:13 : INFO] - Re_Smush_It_Task with attachment ID : 600, autocreated on : March 14, 2020 08:21:13 
[2020-03-14 20:21:43 : INFO] - Re_Smush_It_Task with attachment ID : 601, autocreated on : March 14, 2020 08:21:43 
[2020-03-14 20:22:10 : INFO] - Re_Smush_It_Task with attachment ID : 602, autocreated on : March 14, 2020 08:22:10 
[2020-03-14 20:24:16 : INFO] - 
 
[2020-03-14 20:24:16 : INFO] - Header for logs at time:  Sat, 14 Mar 2020 20:24:16 +0000 on http://localhost/mhh 
[2020-03-14 20:24:16 : INFO] - WP: 5.3.2 
[2020-03-14 20:24:16 : INFO] - PHP: 7.3.12 (apache2handler, Windows NT LAPTOP-6JTHG8HB 10.0 build 17763 (Windows 10) AMD64) 
[2020-03-14 20:24:16 : INFO] - MySQL: 5.7.26 
[2020-03-14 20:24:16 : INFO] - WPLANG: en_US 
[2020-03-14 20:24:16 : INFO] - Server: Apache/2.4.39 (Win64) PHP/7.3.12 
[2020-03-14 20:24:16 : INFO] - Outbound connections: N 
[2020-03-14 20:24:16 : INFO] - safe_mode: 0 
[2020-03-14 20:24:16 : INFO] - max_execution_time: 300 
[2020-03-14 20:24:16 : INFO] - memory_limit: 1G (used: 5.1M | 2M) 
[2020-03-14 20:24:16 : INFO] - multisite: N 
[2020-03-14 20:24:16 : INFO] - openssl: OpenSSL 1.1.1d  10 Sep 2019 
[2020-03-14 20:24:16 : INFO] - A total of 7 tasks of type smush found and will be processed in this iteration 
[2020-03-14 20:24:16 : INFO] - Set semaphore last lock (smush) time to 2020-03-14 20:24:16 
[2020-03-14 20:24:16 : INFO] - Semaphore lock (smush) complete 
[2020-03-14 20:24:16 : INFO] - Processing task with ID : 37, and type 'smush' 
[2020-03-14 20:24:16 : INFO] - Re_Smush_It_Task with attachment ID : 594, autocreated on : March 14, 2020 08:14:24 
[2020-03-14 20:24:16 : INFO] - 95 
[2020-03-14 20:24:17 : INFO] - Task with ID 37 and type (smush) failed with error code 402 - Cannot copy from uploaded file 
[2020-03-14 20:24:17 : INFO] - Re_Smush_It_Task with attachment ID : 594, autocreated on : March 14, 2020 08:14:24 
[2020-03-14 20:24:17 : INFO] - 95 
[2020-03-14 20:24:17 : INFO] - Re_Smush_It_Task with attachment ID : 604, autocreated on : March 14, 2020 08:24:17 
[2020-03-14 20:24:17 : INFO] - Task with ID 37 and type (smush) failed with error code 402 - Cannot copy from uploaded file 
[2020-03-14 20:24:17 : INFO] - Processing task with ID : 38, and type 'smush' 
[2020-03-14 20:24:17 : INFO] - Re_Smush_It_Task with attachment ID : 595, autocreated on : March 14, 2020 08:14:59 
[2020-03-14 20:24:17 : INFO] - 95 
[2020-03-14 20:24:18 : INFO] - Backing up the original image - 2020/03/free-bound-psa-levels-in-vivo-updraft-pre-smush-original.jpg 
[2020-03-14 20:24:18 : INFO] - Re_Smush_It_Task with attachment ID : 595, autocreated on : March 14, 2020 08:14:59 
[2020-03-14 20:24:18 : INFO] - 95 
[2020-03-14 20:24:19 : INFO] - Re_Smush_It_Task with attachment ID : 595, autocreated on : March 14, 2020 08:14:59 
[2020-03-14 20:24:19 : INFO] - 95 
[2020-03-14 20:24:20 : INFO] - Successfully optimized the image - C:\wamp64\www\mhh/wp-content/uploads/2020/03/free-bound-psa-levels-in-vivo.jpg.The file was compressed from 25.54 KB to 25.09 KB saving 1.8 percent using WP-Optimize 
[2020-03-14 20:24:20 : INFO] - Completed processing task with ID : 38, and type 'smush' 
[2020-03-14 20:24:20 : INFO] - Processing task with ID : 39, and type 'smush' 
[2020-03-14 20:24:20 : INFO] - Re_Smush_It_Task with attachment ID : 597, autocreated on : March 14, 2020 08:17:35 
[2020-03-14 20:24:20 : INFO] - 95 
[2020-03-14 20:24:20 : INFO] - Task with ID 39 and type (smush) failed with error code 402 - Cannot copy from uploaded file 
[2020-03-14 20:24:20 : INFO] - Re_Smush_It_Task with attachment ID : 597, autocreated on : March 14, 2020 08:17:35 
[2020-03-14 20:24:20 : INFO] - 95 
[2020-03-14 20:24:20 : INFO] - Task with ID 39 and type (smush) failed with error code 402 - Cannot copy from uploaded file 
[2020-03-14 20:24:20 : INFO] - Re_Smush_It_Task with attachment ID : 597, autocreated on : March 14, 2020 08:17:35 
[2020-03-14 20:24:20 : INFO] - 95 
[2020-03-14 20:24:21 : INFO] - Successfully optimized the image - C:\wamp64\www\mhh/wp-content/uploads/2020/03/prostate-cancer-stages2.gif.The file was compressed from 9.73 KB to 9.73 KB saving 0 percent using WP-Optimize 
[2020-03-14 20:24:21 : INFO] - Completed processing task with ID : 39, and type 'smush' 
[2020-03-14 20:24:21 : INFO] - Processing task with ID : 40, and type 'smush' 
[2020-03-14 20:24:21 : INFO] - Re_Smush_It_Task with attachment ID : 598, autocreated on : March 14, 2020 08:18:12 
[2020-03-14 20:24:21 : INFO] - 95 
[2020-03-14 20:24:21 : INFO] - Task with ID 40 and type (smush) failed with error code 402 - Cannot copy from uploaded file 
[2020-03-14 20:24:21 : INFO] - Re_Smush_It_Task with attachment ID : 598, autocreated on : March 14, 2020 08:18:12 
[2020-03-14 20:24:21 : INFO] - 95 
[2020-03-14 20:24:22 : INFO] - Re_Smush_It_Task with attachment ID : 598, autocreated on : March 14, 2020 08:18:12 
[2020-03-14 20:24:22 : INFO] - 95 
[2020-03-14 20:24:23 : INFO] - Task with ID 40 and type (smush) failed with error code 402 - Cannot copy from uploaded file 
[2020-03-14 20:24:23 : INFO] - Successfully optimized the image - C:\wamp64\www\mhh/wp-content/uploads/2020/03/prostate-cancer-stages.jpg.The file was compressed from 23.54 KB to 23.54 KB saving 0 percent using WP-Optimize 
[2020-03-14 20:24:23 : INFO] - Completed processing task with ID : 40, and type 'smush' 
[2020-03-14 20:24:23 : INFO] - Processing task with ID : 41, and type 'smush' 
[2020-03-14 20:24:23 : INFO] - Re_Smush_It_Task with attachment ID : 600, autocreated on : March 14, 2020 08:21:13 
[2020-03-14 20:24:23 : INFO] - 95 
[2020-03-14 20:24:23 : INFO] - Task with ID 41 and type (smush) failed with error code 402 - Cannot copy from uploaded file 
[2020-03-14 20:24:23 : INFO] - Re_Smush_It_Task with attachment ID : 600, autocreated on : March 14, 2020 08:21:13 
[2020-03-14 20:24:23 : INFO] - 95 
[2020-03-14 20:24:25 : INFO] - Re_Smush_It_Task with attachment ID : 600, autocreated on : March 14, 2020 08:21:13 
[2020-03-14 20:24:25 : INFO] - 95 
[2020-03-14 20:24:25 : INFO] - Task with ID 41 and type (smush) failed with error code 402 - Cannot copy from uploaded file 
[2020-03-14 20:24:25 : INFO] - Successfully optimized the image - C:\wamp64\www\mhh/wp-content/uploads/2020/03/best-treatment-for-prostate-cancer.jpg.The file was compressed from 41.51 KB to 41.51 KB saving 0 percent using WP-Optimize 
[2020-03-14 20:24:25 : INFO] - Completed processing task with ID : 41, and type 'smush' 
[2020-03-14 20:24:25 : INFO] - Processing task with ID : 42, and type 'smush' 
[2020-03-14 20:24:25 : INFO] - Re_Smush_It_Task with attachment ID : 601, autocreated on : March 14, 2020 08:21:43 
[2020-03-14 20:24:25 : INFO] - 95 
[2020-03-14 20:24:26 : INFO] - Task with ID 42 and type (smush) failed with error code 402 - Cannot copy from uploaded file 
[2020-03-14 20:24:26 : INFO] - Re_Smush_It_Task with attachment ID : 601, autocreated on : March 14, 2020 08:21:43 
[2020-03-14 20:24:26 : INFO] - 95 
[2020-03-14 20:24:26 : INFO] - Task with ID 42 and type (smush) failed with error code 402 - Cannot copy from uploaded file 
[2020-03-14 20:24:26 : INFO] - Re_Smush_It_Task with attachment ID : 601, autocreated on : March 14, 2020 08:21:43 
[2020-03-14 20:24:26 : INFO] - 95 
[2020-03-14 20:24:27 : INFO] - Task with ID 42 and type (smush) failed with error code 402 - Cannot copy from uploaded file 
[2020-03-14 20:24:27 : INFO] - Processing task with ID : 43, and type 'smush' 
[2020-03-14 20:24:27 : INFO] - Re_Smush_It_Task with attachment ID : 602, autocreated on : March 14, 2020 08:22:10 
[2020-03-14 20:24:27 : INFO] - 95 
[2020-03-14 20:24:28 : INFO] - Backing up the original image - 2020/03/best-treatment-for-prostate-cancer-3-updraft-pre-smush-original.jpg 
[2020-03-14 20:24:28 : INFO] - Re_Smush_It_Task with attachment ID : 602, autocreated on : March 14, 2020 08:22:10 
[2020-03-14 20:24:28 : INFO] - 95 
[2020-03-14 20:24:29 : INFO] - Re_Smush_It_Task with attachment ID : 602, autocreated on : March 14, 2020 08:22:10 
[2020-03-14 20:24:29 : INFO] - 95 
[2020-03-14 20:24:30 : INFO] - Task with ID 43 and type (smush) failed with error code 402 - Cannot copy from uploaded file 
[2020-03-14 20:24:30 : INFO] - Successfully optimized the image - C:\wamp64\www\mhh/wp-content/uploads/2020/03/best-treatment-for-prostate-cancer-3.jpg.The file was compressed from 37.08 KB to 34.84 KB saving 6.04 percent using WP-Optimize 
[2020-03-14 20:24:30 : INFO] - Completed processing task with ID : 43, and type 'smush' 
[2020-03-14 20:24:30 : INFO] - Decremented the semaphore (smush) by 1 
[2020-03-14 20:24:30 : INFO] - Semaphore (smush) unlocked 
[2020-03-14 20:24:30 : INFO] - Successfully processed the queue (smush). 7 tasks were processed out of 7. 
[2020-03-14 20:24:30 : INFO] - Semaphore (smush, wp_options) was successfully cleaned up 
[2020-03-14 20:33:21 : INFO] - Re_Smush_It_Task with attachment ID : 606, autocreated on : March 14, 2020 08:33:21 
[2020-03-14 20:33:35 : INFO] - Re_Smush_It_Task with attachment ID : 607, autocreated on : March 14, 2020 08:33:35 
[2020-03-14 20:34:16 : INFO] - 
 
[2020-03-14 20:34:16 : INFO] - Header for logs at time:  Sat, 14 Mar 2020 20:34:16 +0000 on http://localhost/mhh 
[2020-03-14 20:34:16 : INFO] - WP: 5.3.2 
[2020-03-14 20:34:16 : INFO] - PHP: 7.3.12 (apache2handler, Windows NT LAPTOP-6JTHG8HB 10.0 build 17763 (Windows 10) AMD64) 
[2020-03-14 20:34:16 : INFO] - MySQL: 5.7.26 
[2020-03-14 20:34:16 : INFO] - WPLANG: en_US 
[2020-03-14 20:34:16 : INFO] - Server: Apache/2.4.39 (Win64) PHP/7.3.12 
[2020-03-14 20:34:16 : INFO] - Outbound connections: N 
[2020-03-14 20:34:16 : INFO] - safe_mode: 0 
[2020-03-14 20:34:16 : INFO] - max_execution_time: 300 
[2020-03-14 20:34:16 : INFO] - memory_limit: 1G (used: 5.1M | 2M) 
[2020-03-14 20:34:16 : INFO] - multisite: N 
[2020-03-14 20:34:16 : INFO] - openssl: OpenSSL 1.1.1d  10 Sep 2019 
[2020-03-14 20:34:16 : INFO] - A total of 3 tasks of type smush found and will be processed in this iteration 
[2020-03-14 20:34:16 : INFO] - Set semaphore last lock (smush) time to 2020-03-14 20:34:16 
[2020-03-14 20:34:16 : INFO] - Semaphore lock (smush) complete 
[2020-03-14 20:34:16 : INFO] - Processing task with ID : 44, and type 'smush' 
[2020-03-14 20:34:16 : INFO] - Re_Smush_It_Task with attachment ID : 604, autocreated on : March 14, 2020 08:24:17 
[2020-03-14 20:34:16 : INFO] - 95 
[2020-03-14 20:34:16 : INFO] - Task with ID 44 and type (smush) failed with error code 402 - Cannot copy from uploaded file 
[2020-03-14 20:34:16 : INFO] - Re_Smush_It_Task with attachment ID : 604, autocreated on : March 14, 2020 08:24:17 
[2020-03-14 20:34:16 : INFO] - 95 
[2020-03-14 20:34:18 : INFO] - Re_Smush_It_Task with attachment ID : 604, autocreated on : March 14, 2020 08:24:17 
[2020-03-14 20:34:18 : INFO] - 95 
[2020-03-14 20:34:19 : INFO] - Task with ID 44 and type (smush) failed with error code 402 - Cannot copy from uploaded file 
[2020-03-14 20:34:19 : INFO] - Successfully optimized the image - C:\wamp64\www\mhh/wp-content/uploads/2020/03/prostate-diagram2.jpg.The file was compressed from 26.41 KB to 26.41 KB saving 0 percent using WP-Optimize 
[2020-03-14 20:34:19 : INFO] - Completed processing task with ID : 44, and type 'smush' 
[2020-03-14 20:34:19 : INFO] - Processing task with ID : 45, and type 'smush' 
[2020-03-14 20:34:19 : INFO] - Re_Smush_It_Task with attachment ID : 606, autocreated on : March 14, 2020 08:33:21 
[2020-03-14 20:34:19 : INFO] - 95 
[2020-03-14 20:34:20 : INFO] - Backing up the original image - 2020/03/inspirational-man2-updraft-pre-smush-original.jpg 
[2020-03-14 20:34:20 : INFO] - Re_Smush_It_Task with attachment ID : 606, autocreated on : March 14, 2020 08:33:21 
[2020-03-14 20:34:20 : INFO] - 95 
[2020-03-14 20:34:20 : INFO] - Task with ID 45 and type (smush) failed with error code 402 - Cannot copy from uploaded file 
[2020-03-14 20:34:20 : INFO] - Re_Smush_It_Task with attachment ID : 606, autocreated on : March 14, 2020 08:33:21 
[2020-03-14 20:34:20 : INFO] - 95 
[2020-03-14 20:34:21 : INFO] - Successfully optimized the image - C:\wamp64\www\mhh/wp-content/uploads/2020/03/inspirational-man2.jpg.The file was compressed from 15.74 KB to 15.74 KB saving 0 percent using WP-Optimize 
[2020-03-14 20:34:21 : INFO] - Completed processing task with ID : 45, and type 'smush' 
[2020-03-14 20:34:21 : INFO] - Processing task with ID : 46, and type 'smush' 
[2020-03-14 20:34:21 : INFO] - Re_Smush_It_Task with attachment ID : 607, autocreated on : March 14, 2020 08:33:35 
[2020-03-14 20:34:21 : INFO] - 95 
[2020-03-14 20:34:22 : INFO] - Task with ID 46 and type (smush) failed with error code 402 - Cannot copy from uploaded file 
[2020-03-14 20:34:22 : INFO] - Re_Smush_It_Task with attachment ID : 607, autocreated on : March 14, 2020 08:33:35 
[2020-03-14 20:34:22 : INFO] - 95 
[2020-03-14 20:34:22 : INFO] - Task with ID 46 and type (smush) failed with error code 402 - Cannot copy from uploaded file 
[2020-03-14 20:34:22 : INFO] - Re_Smush_It_Task with attachment ID : 607, autocreated on : March 14, 2020 08:33:35 
[2020-03-14 20:34:22 : INFO] - 95 
[2020-03-14 20:34:24 : INFO] - Successfully optimized the image - C:\wamp64\www\mhh/wp-content/uploads/2020/03/a-long-road.jpg.The file was compressed from 8.44 KB to 8.44 KB saving 0 percent using WP-Optimize 
[2020-03-14 20:34:24 : INFO] - Completed processing task with ID : 46, and type 'smush' 
[2020-03-14 20:34:24 : INFO] - Decremented the semaphore (smush) by 1 
[2020-03-14 20:34:24 : INFO] - Semaphore (smush) unlocked 
[2020-03-14 20:34:24 : INFO] - Successfully processed the queue (smush). 3 tasks were processed out of 3. 
[2020-03-14 20:34:24 : INFO] - Semaphore (smush, wp_options) was successfully cleaned up 
[2020-03-14 20:34:24 : INFO] - Cleaning up tasks of type (smush). A total of 17 tasks will be deleted. 
[2020-03-14 20:34:54 : INFO] - Re_Smush_It_Task with attachment ID : 609, autocreated on : March 14, 2020 08:34:54 
[2020-03-14 20:35:23 : INFO] - Re_Smush_It_Task with attachment ID : 611, autocreated on : March 14, 2020 08:35:23 
[2020-03-14 20:36:40 : INFO] - Re_Smush_It_Task with attachment ID : 613, autocreated on : March 14, 2020 08:36:40 
[2020-03-14 20:45:48 : INFO] - 
 
[2020-03-14 20:45:48 : INFO] - Header for logs at time:  Sat, 14 Mar 2020 20:45:48 +0000 on http://localhost/mhh 
[2020-03-14 20:45:48 : INFO] - WP: 5.3.2 
[2020-03-14 20:45:48 : INFO] - PHP: 7.3.12 (apache2handler, Windows NT LAPTOP-6JTHG8HB 10.0 build 17763 (Windows 10) AMD64) 
[2020-03-14 20:45:48 : INFO] - MySQL: 5.7.26 
[2020-03-14 20:45:48 : INFO] - WPLANG: en_US 
[2020-03-14 20:45:48 : INFO] - Server: Apache/2.4.39 (Win64) PHP/7.3.12 
[2020-03-14 20:45:48 : INFO] - Outbound connections: N 
[2020-03-14 20:45:48 : INFO] - safe_mode: 0 
[2020-03-14 20:45:48 : INFO] - max_execution_time: 300 
[2020-03-14 20:45:48 : INFO] - memory_limit: 1G (used: 5.1M | 4M) 
[2020-03-14 20:45:48 : INFO] - multisite: N 
[2020-03-14 20:45:48 : INFO] - openssl: OpenSSL 1.1.1d  10 Sep 2019 
[2020-03-14 20:45:48 : INFO] - A total of 3 tasks of type smush found and will be processed in this iteration 
[2020-03-14 20:45:48 : INFO] - Set semaphore last lock (smush) time to 2020-03-14 20:45:48 
[2020-03-14 20:45:48 : INFO] - Semaphore lock (smush) complete 
[2020-03-14 20:45:48 : INFO] - Processing task with ID : 49, and type 'smush' 
[2020-03-14 20:45:48 : INFO] - Re_Smush_It_Task with attachment ID : 613, autocreated on : March 14, 2020 08:36:40 
[2020-03-14 20:45:48 : INFO] - 95 
[2020-03-14 20:45:50 : INFO] - Backing up the original image - 2020/03/testosterone-replacement-therapy-updraft-pre-smush-original.jpg 
[2020-03-14 20:45:50 : INFO] - Re_Smush_It_Task with attachment ID : 613, autocreated on : March 14, 2020 08:36:40 
[2020-03-14 20:45:50 : INFO] - 95 
[2020-03-14 20:45:51 : INFO] - Re_Smush_It_Task with attachment ID : 613, autocreated on : March 14, 2020 08:36:40 
[2020-03-14 20:45:51 : INFO] - 95 
[2020-03-14 20:45:51 : INFO] - Task with ID 49 and type (smush) failed with error code 402 - Cannot copy from uploaded file 
[2020-03-14 20:45:51 : INFO] - Successfully optimized the image - C:\wamp64\www\mhh/wp-content/uploads/2020/03/testosterone-replacement-therapy.jpg.The file was compressed from 26.69 KB to 26.69 KB saving 0 percent using WP-Optimize 
[2020-03-14 20:45:51 : INFO] - Completed processing task with ID : 49, and type 'smush' 
[2020-03-14 20:45:51 : INFO] - Processing task with ID : 48, and type 'smush' 
[2020-03-14 20:45:51 : INFO] - Re_Smush_It_Task with attachment ID : 611, autocreated on : March 14, 2020 08:35:23 
[2020-03-14 20:45:51 : INFO] - 95 
[2020-03-14 20:45:54 : INFO] - Backing up the original image - 2020/03/high-testosterone-levels-1-updraft-pre-smush-original.jpg 
[2020-03-14 20:45:54 : INFO] - Re_Smush_It_Task with attachment ID : 611, autocreated on : March 14, 2020 08:35:23 
[2020-03-14 20:45:54 : INFO] - 95 
[2020-03-14 20:45:55 : INFO] - Task with ID 48 and type (smush) failed with error code 402 - Cannot copy from uploaded file 
[2020-03-14 20:45:55 : INFO] - Re_Smush_It_Task with attachment ID : 611, autocreated on : March 14, 2020 08:35:23 
[2020-03-14 20:45:55 : INFO] - 95 
[2020-03-14 20:45:55 : INFO] - Successfully optimized the image - C:\wamp64\www\mhh/wp-content/uploads/2020/03/high-testosterone-levels-1.jpg.The file was compressed from 51.68 KB to 51.68 KB saving 0 percent using WP-Optimize 
[2020-03-14 20:45:55 : INFO] - Completed processing task with ID : 48, and type 'smush' 
[2020-03-14 20:45:55 : INFO] - Processing task with ID : 47, and type 'smush' 
[2020-03-14 20:45:55 : INFO] - Re_Smush_It_Task with attachment ID : 609, autocreated on : March 14, 2020 08:34:54 
[2020-03-14 20:45:55 : INFO] - 95 
[2020-03-14 20:45:57 : INFO] - Backing up the original image - 2020/03/high-testosterone-levels-updraft-pre-smush-original.jpg 
[2020-03-14 20:45:57 : INFO] - Re_Smush_It_Task with attachment ID : 609, autocreated on : March 14, 2020 08:34:54 
[2020-03-14 20:45:57 : INFO] - 95 
[2020-03-14 20:45:57 : INFO] - Task with ID 47 and type (smush) failed with error code 402 - Cannot copy from uploaded file 
[2020-03-14 20:45:57 : INFO] - Re_Smush_It_Task with attachment ID : 609, autocreated on : March 14, 2020 08:34:54 
[2020-03-14 20:45:57 : INFO] - 95 
[2020-03-14 20:45:58 : INFO] - Successfully optimized the image - C:\wamp64\www\mhh/wp-content/uploads/2020/03/high-testosterone-levels.jpg.The file was compressed from 51.68 KB to 51.68 KB saving 0 percent using WP-Optimize 
[2020-03-14 20:45:58 : INFO] - Completed processing task with ID : 47, and type 'smush' 
[2020-03-14 20:45:58 : INFO] - Decremented the semaphore (smush) by 1 
[2020-03-14 20:45:58 : INFO] - Semaphore (smush) unlocked 
[2020-03-14 20:45:58 : INFO] - Successfully processed the queue (smush). 3 tasks were processed out of 3. 
[2020-03-14 20:45:58 : INFO] - Semaphore (smush, wp_options) was successfully cleaned up 
[2020-03-14 20:45:58 : INFO] - Cleaning up tasks of type (smush). A total of 3 tasks will be deleted. 
[2020-03-14 21:07:38 : INFO] - 
 
[2020-03-14 21:07:38 : INFO] - Header for logs at time:  Sat, 14 Mar 2020 21:07:38 +0000 on http://localhost/mhh 
[2020-03-14 21:07:38 : INFO] - WP: 5.3.2 
[2020-03-14 21:07:38 : INFO] - PHP: 7.3.12 (apache2handler, Windows NT LAPTOP-6JTHG8HB 10.0 build 17763 (Windows 10) AMD64) 
[2020-03-14 21:07:38 : INFO] - MySQL: 5.7.26 
[2020-03-14 21:07:38 : INFO] - WPLANG: en_US 
[2020-03-14 21:07:38 : INFO] - Server: Apache/2.4.39 (Win64) PHP/7.3.12 
[2020-03-14 21:07:38 : INFO] - Outbound connections: N 
[2020-03-14 21:07:38 : INFO] - safe_mode: 0 
[2020-03-14 21:07:38 : INFO] - max_execution_time: 300 
[2020-03-14 21:07:38 : INFO] - memory_limit: 1G (used: 5.1M | 2M) 
[2020-03-14 21:07:38 : INFO] - multisite: N 
[2020-03-14 21:07:38 : INFO] - openssl: OpenSSL 1.1.1d  10 Sep 2019 
[2020-03-14 21:07:38 : INFO] - The queue for tasks of type "smush" is empty. Aborting! 
[2020-03-14 21:11:17 : INFO] - Re_Smush_It_Task with attachment ID : 615, autocreated on : March 14, 2020 09:11:17 
[2020-03-14 22:22:37 : INFO] - 
 
[2020-03-14 22:22:37 : INFO] - Header for logs at time:  Sat, 14 Mar 2020 22:22:37 +0000 on http://localhost/mhh 
[2020-03-14 22:22:37 : INFO] - WP: 5.3.2 
[2020-03-14 22:22:37 : INFO] - PHP: 7.3.12 (apache2handler, Windows NT LAPTOP-6JTHG8HB 10.0 build 17763 (Windows 10) AMD64) 
[2020-03-14 22:22:37 : INFO] - MySQL: 5.7.26 
[2020-03-14 22:22:37 : INFO] - WPLANG: en_US 
[2020-03-14 22:22:37 : INFO] - Server: Apache/2.4.39 (Win64) PHP/7.3.12 
[2020-03-14 22:22:37 : INFO] - Outbound connections: N 
[2020-03-14 22:22:37 : INFO] - safe_mode: 0 
[2020-03-14 22:22:37 : INFO] - max_execution_time: 300 
[2020-03-14 22:22:37 : INFO] - memory_limit: 1G (used: 5.1M | 2M) 
[2020-03-14 22:22:37 : INFO] - multisite: N 
[2020-03-14 22:22:37 : INFO] - openssl: OpenSSL 1.1.1d  10 Sep 2019 
[2020-03-14 22:22:37 : INFO] - A total of 1 tasks of type smush found and will be processed in this iteration 
[2020-03-14 22:22:37 : INFO] - Set semaphore last lock (smush) time to 2020-03-14 22:22:37 
[2020-03-14 22:22:37 : INFO] - Semaphore lock (smush) complete 
[2020-03-14 22:22:37 : INFO] - Processing task with ID : 50, and type 'smush' 
[2020-03-14 22:22:37 : INFO] - Re_Smush_It_Task with attachment ID : 615, autocreated on : March 14, 2020 09:11:17 
[2020-03-14 22:22:37 : INFO] - 95 
[2020-03-14 22:22:38 : INFO] - Task with ID 50 and type (smush) failed with error code 402 - Cannot copy from uploaded file 
[2020-03-14 22:22:38 : INFO] - Decremented the semaphore (smush) by 1 
[2020-03-14 22:22:38 : INFO] - Semaphore (smush) unlocked 
[2020-03-14 22:22:38 : INFO] - Successfully processed the queue (smush). 1 tasks were processed out of 1. 
[2020-03-14 22:22:38 : INFO] - Semaphore (smush, wp_options) was successfully cleaned up 
[2020-03-14 22:22:38 : INFO] - Cleaning up tasks of type (smush). A total of 1 tasks will be deleted. 
[2020-03-14 22:34:21 : INFO] - 
 
[2020-03-14 22:34:21 : INFO] - Header for logs at time:  Sat, 14 Mar 2020 22:34:21 +0000 on http://localhost/mhh 
[2020-03-14 22:34:21 : INFO] - WP: 5.3.2 
[2020-03-14 22:34:21 : INFO] - PHP: 7.3.12 (apache2handler, Windows NT LAPTOP-6JTHG8HB 10.0 build 17763 (Windows 10) AMD64) 
[2020-03-14 22:34:21 : INFO] - MySQL: 5.7.26 
[2020-03-14 22:34:21 : INFO] - WPLANG: en_US 
[2020-03-14 22:34:21 : INFO] - Server: Apache/2.4.39 (Win64) PHP/7.3.12 
[2020-03-14 22:34:21 : INFO] - Outbound connections: N 
[2020-03-14 22:34:21 : INFO] - safe_mode: 0 
[2020-03-14 22:34:21 : INFO] - max_execution_time: 300 
[2020-03-14 22:34:21 : INFO] - memory_limit: 1G (used: 5.1M | 4M) 
[2020-03-14 22:34:21 : INFO] - multisite: N 
[2020-03-14 22:34:21 : INFO] - openssl: OpenSSL 1.1.1d  10 Sep 2019 
[2020-03-14 22:34:21 : INFO] - The queue for tasks of type "smush" is empty. Aborting! 
[2020-03-14 22:51:29 : INFO] - Re_Smush_It_Task server status: Online 
[2020-03-14 22:51:29 : INFO] - 
 
[2020-03-14 22:51:29 : INFO] - Header for logs at time:  Sat, 14 Mar 2020 22:51:29 +0000 on http://localhost/mhh 
[2020-03-14 22:51:29 : INFO] - WP: 5.3.2 
[2020-03-14 22:51:29 : INFO] - PHP: 7.3.12 (apache2handler, Windows NT LAPTOP-6JTHG8HB 10.0 build 17763 (Windows 10) AMD64) 
[2020-03-14 22:51:29 : INFO] - MySQL: 5.7.26 
[2020-03-14 22:51:29 : INFO] - WPLANG: en_US 
[2020-03-14 22:51:29 : INFO] - Server: Apache/2.4.39 (Win64) PHP/7.3.12 
[2020-03-14 22:51:29 : INFO] - Outbound connections: N 
[2020-03-14 22:51:29 : INFO] - safe_mode: 0 
[2020-03-14 22:51:29 : INFO] - max_execution_time: 300 
[2020-03-14 22:51:29 : INFO] - memory_limit: 1G (used: 5.7M | 2M) 
[2020-03-14 22:51:29 : INFO] - multisite: N 
[2020-03-14 22:51:29 : INFO] - openssl: OpenSSL 1.1.1d  10 Sep 2019 
[2020-03-14 22:51:29 : INFO] - A total of 5 tasks of type smush found and will be processed in this iteration 
[2020-03-14 22:51:29 : INFO] - Set semaphore last lock (smush) time to 2020-03-14 22:51:29 
[2020-03-14 22:51:29 : INFO] - Semaphore lock (smush) complete 
[2020-03-14 22:51:29 : INFO] - Processing task with ID : 54, and type 'smush' 
[2020-03-14 22:51:29 : INFO] - Re_Smush_It_Task - Attachment ID : 586, Started on : March 14, 2020 10:51:29 
[2020-03-14 22:51:29 : INFO] - 95 
[2020-03-14 22:51:31 : INFO] - Backing up the original image - 2020/03/pictures-of-prostate-cancer-1-updraft-pre-smush-original.jpg 
[2020-03-14 22:51:31 : INFO] - Re_Smush_It_Task - Attachment ID : 586, Started on : March 14, 2020 10:51:29 
[2020-03-14 22:51:31 : INFO] - 95 
[2020-03-14 22:51:32 : INFO] - Task with ID 54 and type (smush) failed with error code 402 - Cannot copy from uploaded file 
[2020-03-14 22:51:32 : INFO] - Re_Smush_It_Task - Attachment ID : 586, Started on : March 14, 2020 10:51:29 
[2020-03-14 22:51:32 : INFO] - 95 
[2020-03-14 22:51:33 : INFO] - Successfully optimized the image - C:\wamp64\www\mhh/wp-content/uploads/2020/03/pictures-of-prostate-cancer-1.jpg.The file was compressed from 27.66 KB to 27.66 KB saving 0 percent using WP-Optimize 
[2020-03-14 22:51:33 : INFO] - Completed processing task with ID : 54, and type 'smush' 
[2020-03-14 22:51:33 : INFO] - Processing task with ID : 55, and type 'smush' 
[2020-03-14 22:51:33 : INFO] - Re_Smush_It_Task - Attachment ID : 563, Started on : March 14, 2020 10:51:29 
[2020-03-14 22:51:33 : INFO] - 95 
[2020-03-14 22:51:34 : INFO] - Backing up the original image - 2020/03/testosterone-enanthate-updraft-pre-smush-original.jpg 
[2020-03-14 22:51:34 : INFO] - Re_Smush_It_Task - Attachment ID : 563, Started on : March 14, 2020 10:51:29 
[2020-03-14 22:51:34 : INFO] - 95 
[2020-03-14 22:51:35 : INFO] - Successfully optimized the image - C:\wamp64\www\mhh/wp-content/uploads/2020/03/testosterone-enanthate.jpg.The file was compressed from 7.68 KB to 7.68 KB saving 0 percent using WP-Optimize 
[2020-03-14 22:51:35 : INFO] - Completed processing task with ID : 55, and type 'smush' 
[2020-03-14 22:51:35 : INFO] - Processing task with ID : 52, and type 'smush' 
[2020-03-14 22:51:35 : INFO] - Re_Smush_It_Task - Attachment ID : 601, Started on : March 14, 2020 10:51:29 
[2020-03-14 22:51:35 : INFO] - 95 
[2020-03-14 22:51:36 : INFO] - Backing up the original image - 2020/03/best-treatment-for-prostate-cancer-2-updraft-pre-smush-original.jpg 
[2020-03-14 22:51:37 : INFO] - Re_Smush_It_Task - Attachment ID : 601, Started on : March 14, 2020 10:51:29 
[2020-03-14 22:51:37 : INFO] - 95 
[2020-03-14 22:51:37 : INFO] - Task with ID 52 and type (smush) failed with error code 402 - Cannot copy from uploaded file 
[2020-03-14 22:51:37 : INFO] - Re_Smush_It_Task - Attachment ID : 601, Started on : March 14, 2020 10:51:29 
[2020-03-14 22:51:37 : INFO] - 95 
[2020-03-14 22:51:38 : INFO] - Successfully optimized the image - C:\wamp64\www\mhh/wp-content/uploads/2020/03/best-treatment-for-prostate-cancer-2.jpg.The file was compressed from 45.12 KB to 44.42 KB saving 1.54 percent using WP-Optimize 
[2020-03-14 22:51:38 : INFO] - Completed processing task with ID : 52, and type 'smush' 
[2020-03-14 22:51:38 : INFO] - Processing task with ID : 53, and type 'smush' 
[2020-03-14 22:51:38 : INFO] - Re_Smush_It_Task - Attachment ID : 594, Started on : March 14, 2020 10:51:29 
[2020-03-14 22:51:38 : INFO] - 95 
[2020-03-14 22:51:39 : INFO] - Task with ID 53 and type (smush) failed with error code 402 - Cannot copy from uploaded file 
[2020-03-14 22:51:39 : INFO] - Re_Smush_It_Task - Attachment ID : 594, Started on : March 14, 2020 10:51:29 
[2020-03-14 22:51:39 : INFO] - 95 
[2020-03-14 22:51:39 : INFO] - Task with ID 53 and type (smush) failed with error code 402 - Cannot copy from uploaded file 
[2020-03-14 22:51:39 : INFO] - Processing task with ID : 51, and type 'smush' 
[2020-03-14 22:51:39 : INFO] - Re_Smush_It_Task - Attachment ID : 615, Started on : March 14, 2020 10:51:29 
[2020-03-14 22:51:39 : INFO] - 95 
[2020-03-14 22:51:40 : INFO] - Task with ID 51 and type (smush) failed with error code 402 - Cannot copy from uploaded file 
[2020-03-14 22:51:40 : INFO] - Decremented the semaphore (smush) by 1 
[2020-03-14 22:51:40 : INFO] - Semaphore (smush) unlocked 
[2020-03-14 22:51:40 : INFO] - Successfully processed the queue (smush). 5 tasks were processed out of 5. 
[2020-03-14 22:51:40 : INFO] - Semaphore (smush, wp_options) was successfully cleaned up 
[2020-03-14 22:51:40 : INFO] - Cleaning up tasks of type (smush). A total of 5 tasks will be deleted. 
[2020-03-14 22:51:57 : INFO] - Cannot copy from uploaded file 
[2020-03-14 22:51:57 : INFO] - Re_Smush_It_Task server status: Offline 
[2020-03-14 22:52:02 : INFO] - Re_Smush_It_Task server status: Online 
[2020-03-14 22:52:02 : INFO] - 
 
[2020-03-14 22:52:02 : INFO] - Header for logs at time:  Sat, 14 Mar 2020 22:52:02 +0000 on http://localhost/mhh 
[2020-03-14 22:52:02 : INFO] - WP: 5.3.2 
[2020-03-14 22:52:02 : INFO] - PHP: 7.3.12 (apache2handler, Windows NT LAPTOP-6JTHG8HB 10.0 build 17763 (Windows 10) AMD64) 
[2020-03-14 22:52:02 : INFO] - MySQL: 5.7.26 
[2020-03-14 22:52:02 : INFO] - WPLANG: en_US 
[2020-03-14 22:52:02 : INFO] - Server: Apache/2.4.39 (Win64) PHP/7.3.12 
[2020-03-14 22:52:02 : INFO] - Outbound connections: N 
[2020-03-14 22:52:02 : INFO] - safe_mode: 0 
[2020-03-14 22:52:02 : INFO] - max_execution_time: 300 
[2020-03-14 22:52:02 : INFO] - memory_limit: 1G (used: 5.7M | 2M) 
[2020-03-14 22:52:02 : INFO] - multisite: N 
[2020-03-14 22:52:02 : INFO] - openssl: OpenSSL 1.1.1d  10 Sep 2019 
[2020-03-14 22:52:02 : INFO] - A total of 2 tasks of type smush found and will be processed in this iteration 
[2020-03-14 22:52:02 : INFO] - Set semaphore last lock (smush) time to 2020-03-14 22:52:02 
[2020-03-14 22:52:02 : INFO] - Semaphore lock (smush) complete 
[2020-03-14 22:52:02 : INFO] - Processing task with ID : 57, and type 'smush' 
[2020-03-14 22:52:02 : INFO] - Re_Smush_It_Task - Attachment ID : 594, Started on : March 14, 2020 10:52:02 
[2020-03-14 22:52:02 : INFO] - 95 
[2020-03-14 22:52:03 : INFO] - Task with ID 57 and type (smush) failed with error code 402 - Cannot copy from uploaded file 
[2020-03-14 22:52:03 : INFO] - Re_Smush_It_Task - Attachment ID : 594, Started on : March 14, 2020 10:52:02 
[2020-03-14 22:52:03 : INFO] - 95 
[2020-03-14 22:52:03 : INFO] - Task with ID 57 and type (smush) failed with error code 402 - Cannot copy from uploaded file 
[2020-03-14 22:52:04 : INFO] - Processing task with ID : 56, and type 'smush' 
[2020-03-14 22:52:04 : INFO] - Re_Smush_It_Task - Attachment ID : 615, Started on : March 14, 2020 10:52:02 
[2020-03-14 22:52:04 : INFO] - 95 
[2020-03-14 22:52:04 : INFO] - Task with ID 56 and type (smush) failed with error code 402 - Cannot copy from uploaded file 
[2020-03-14 22:52:04 : INFO] - Decremented the semaphore (smush) by 1 
[2020-03-14 22:52:04 : INFO] - Semaphore (smush) unlocked 
[2020-03-14 22:52:04 : INFO] - Successfully processed the queue (smush). 2 tasks were processed out of 2. 
[2020-03-14 22:52:04 : INFO] - Semaphore (smush, wp_options) was successfully cleaned up 
[2020-03-14 22:52:04 : INFO] - Cleaning up tasks of type (smush). A total of 2 tasks will be deleted. 
